Assuming unrestricted shared filesystem usage.
None
host: 40W88
Building DAG of jobs...
Using shell: /usr/bin/bash
Provided cores: 1 (use --cores to define parallelism)
Rules claiming more threads will be scaled down.
Job stats:
job                  count
-----------------  -------
all                      1
create_patients          1
load_all_products        1
total                    3

Select jobs to execute...
Execute 1 jobs...
[Mon Feb  2 16:49:26 2026]
localrule load_all_products:
    output: /home/maroua/Bureau/my_pipeline_v5/output/pd_orphanet/en_product1.xlsx, /home/maroua/Bureau/my_pipeline_v5/output/pd_orphanet/all_enpd_mai_2025.xlsx, /home/maroua/Bureau/my_pipeline_v5/output/pd_orphanet/en_product6.xlsx, /home/maroua/Bureau/my_pipeline_v5/output/pd_orphanet/en_product7.xlsx, /home/maroua/Bureau/my_pipeline_v5/output/pd_orphanet/parent_child_noclassif_v2.xlsx, /home/maroua/Bureau/my_pipeline_v5/output/pd_orphanet/parent_child_classif_v2.xlsx, /home/maroua/Bureau/my_pipeline_v5/output/pd_orphanet/config_from_product4.yaml
    log: logs/load_all_products.log
    jobid: 2
    reason: Missing output files: /home/maroua/Bureau/my_pipeline_v5/output/pd_orphanet/parent_child_classif_v2.xlsx, /home/maroua/Bureau/my_pipeline_v5/output/pd_orphanet/config_from_product4.yaml, /home/maroua/Bureau/my_pipeline_v5/output/pd_orphanet/en_product6.xlsx, /home/maroua/Bureau/my_pipeline_v5/output/pd_orphanet/en_product7.xlsx, /home/maroua/Bureau/my_pipeline_v5/output/pd_orphanet/en_product1.xlsx, /home/maroua/Bureau/my_pipeline_v5/output/pd_orphanet/parent_child_noclassif_v2.xlsx, /home/maroua/Bureau/my_pipeline_v5/output/pd_orphanet/all_enpd_mai_2025.xlsx
    resources: tmpdir=/tmp

Waiting for more resources.
RuleException:
CalledProcessError in file "/home/maroua/Bureau/my_pipeline_v5/bin/Snakefile.load_input", line 37:
Command 'set -euo pipefail;  python bin/main_load_data.py > logs/load_all_products.log 2>&1' returned non-zero exit status 1.
[Mon Feb  2 16:49:26 2026]
Error in rule load_all_products:
    message: None
    jobid: 2
    output: /home/maroua/Bureau/my_pipeline_v5/output/pd_orphanet/en_product1.xlsx, /home/maroua/Bureau/my_pipeline_v5/output/pd_orphanet/all_enpd_mai_2025.xlsx, /home/maroua/Bureau/my_pipeline_v5/output/pd_orphanet/en_product6.xlsx, /home/maroua/Bureau/my_pipeline_v5/output/pd_orphanet/en_product7.xlsx, /home/maroua/Bureau/my_pipeline_v5/output/pd_orphanet/parent_child_noclassif_v2.xlsx, /home/maroua/Bureau/my_pipeline_v5/output/pd_orphanet/parent_child_classif_v2.xlsx, /home/maroua/Bureau/my_pipeline_v5/output/pd_orphanet/config_from_product4.yaml
    log: logs/load_all_products.log (check log file(s) for error details)
    shell:
        python bin/main_load_data.py > logs/load_all_products.log 2>&1
        (command exited with non-zero exit code)
Shutting down, this might take some time.
Exiting because a job execution failed. Look below for error messages
[Mon Feb  2 16:49:26 2026]
Error in rule load_all_products:
    message: None
    jobid: 2
    output: /home/maroua/Bureau/my_pipeline_v5/output/pd_orphanet/en_product1.xlsx, /home/maroua/Bureau/my_pipeline_v5/output/pd_orphanet/all_enpd_mai_2025.xlsx, /home/maroua/Bureau/my_pipeline_v5/output/pd_orphanet/en_product6.xlsx, /home/maroua/Bureau/my_pipeline_v5/output/pd_orphanet/en_product7.xlsx, /home/maroua/Bureau/my_pipeline_v5/output/pd_orphanet/parent_child_noclassif_v2.xlsx, /home/maroua/Bureau/my_pipeline_v5/output/pd_orphanet/parent_child_classif_v2.xlsx, /home/maroua/Bureau/my_pipeline_v5/output/pd_orphanet/config_from_product4.yaml
    log: logs/load_all_products.log (check log file(s) for error details)
    shell:
        python bin/main_load_data.py > logs/load_all_products.log 2>&1
        (command exited with non-zero exit code)
Complete log(s): /home/maroua/Bureau/my_pipeline_v5/bin/.snakemake/log/2026-02-02T164926.184345.snakemake.log
WorkflowError:
At least one job did not complete successfully.
