Assuming unrestricted shared filesystem usage.
None
host: 40W88
Building DAG of jobs...
Using shell: /usr/bin/bash
Provided cores: 8
Rules claiming more threads will be scaled down.
Job stats:
job      count
-----  -------
all          1
total        1

Select jobs to execute...
Execute 1 jobs...
[Tue Feb 10 17:10:11 2026]
localrule all:
    jobid: 0
    reason: Rules with neither input nor output files are always executed.
    resources: tmpdir=/tmp

Waiting for more resources.
[Tue Feb 10 17:10:11 2026]
Finished jobid: 0 (Rule: all)
1 of 1 steps (100%) done
Complete log(s): /home/maroua/Bureau/OrphaScape_SimWalk/.snakemake/log/2026-02-10T171011.774651.snakemake.log
