Assuming unrestricted shared filesystem usage.
None
host: 40W88
Building DAG of jobs...
Using shell: /usr/bin/bash
Provided cores: 8
Rules claiming more threads will be scaled down.
Job stats:
job                  count
-----------------  -------
all                      1
create_patients          1
load_all_products        1
total                    3

Select jobs to execute...
Execute 1 jobs...
[Tue Feb 10 16:19:07 2026]
localrule load_all_products:
    input: /home/maroua/Bureau/OrphaScape_SimWalk/input/pd_orphanet/en_product1.xml, /home/maroua/Bureau/OrphaScape_SimWalk/input/pd_orphanet/en_product4.xml, /home/maroua/Bureau/OrphaScape_SimWalk/input/pd_orphanet/en_product6.xml, /home/maroua/Bureau/OrphaScape_SimWalk/input/pd_orphanet/en_product7.xml, /home/maroua/Bureau/OrphaScape_SimWalk/input/pd_orphanet/Classifications
    output: /home/maroua/Bureau/OrphaScape_SimWalk/output/pd_orphanet/en_product1.xlsx, /home/maroua/Bureau/OrphaScape_SimWalk/output/pd_orphanet/all_enpd_mai_2025.xlsx, /home/maroua/Bureau/OrphaScape_SimWalk/output/pd_orphanet/en_product6.xlsx, /home/maroua/Bureau/OrphaScape_SimWalk/output/pd_orphanet/en_product7.xlsx, /home/maroua/Bureau/OrphaScape_SimWalk/output/pd_orphanet/parent_child_noclassif_v2.xlsx, /home/maroua/Bureau/OrphaScape_SimWalk/output/pd_orphanet/parent_child_classif_v2.xlsx, /home/maroua/Bureau/OrphaScape_SimWalk/output/pd_orphanet/Classifications, /home/maroua/Bureau/OrphaScape_SimWalk/output/pd_orphanet/config_from_product4.yaml
    jobid: 2
    reason: Missing output files: /home/maroua/Bureau/OrphaScape_SimWalk/output/pd_orphanet/en_product1.xlsx, /home/maroua/Bureau/OrphaScape_SimWalk/output/pd_orphanet/parent_child_noclassif_v2.xlsx; Code has changed since last execution
    resources: tmpdir=/tmp

Waiting for more resources.
RuleException:
CalledProcessError in file "/home/maroua/Bureau/OrphaScape_SimWalk/Snakefile.load_input", line 35:
Command 'set -euo pipefail;  
        mkdir -p logs
        PYTHONPATH=.:bin python -u bin/main_load_data.py' returned non-zero exit status 1.
[Tue Feb 10 16:19:08 2026]
Error in rule load_all_products:
    message: None
    jobid: 2
    input: /home/maroua/Bureau/OrphaScape_SimWalk/input/pd_orphanet/en_product1.xml, /home/maroua/Bureau/OrphaScape_SimWalk/input/pd_orphanet/en_product4.xml, /home/maroua/Bureau/OrphaScape_SimWalk/input/pd_orphanet/en_product6.xml, /home/maroua/Bureau/OrphaScape_SimWalk/input/pd_orphanet/en_product7.xml, /home/maroua/Bureau/OrphaScape_SimWalk/input/pd_orphanet/Classifications
    output: /home/maroua/Bureau/OrphaScape_SimWalk/output/pd_orphanet/en_product1.xlsx, /home/maroua/Bureau/OrphaScape_SimWalk/output/pd_orphanet/all_enpd_mai_2025.xlsx, /home/maroua/Bureau/OrphaScape_SimWalk/output/pd_orphanet/en_product6.xlsx, /home/maroua/Bureau/OrphaScape_SimWalk/output/pd_orphanet/en_product7.xlsx, /home/maroua/Bureau/OrphaScape_SimWalk/output/pd_orphanet/parent_child_noclassif_v2.xlsx, /home/maroua/Bureau/OrphaScape_SimWalk/output/pd_orphanet/parent_child_classif_v2.xlsx, /home/maroua/Bureau/OrphaScape_SimWalk/output/pd_orphanet/Classifications, /home/maroua/Bureau/OrphaScape_SimWalk/output/pd_orphanet/config_from_product4.yaml
    shell:
        
        mkdir -p logs
        PYTHONPATH=.:bin python -u bin/main_load_data.py
        
        (command exited with non-zero exit code)
Shutting down, this might take some time.
Exiting because a job execution failed. Look below for error messages
[Tue Feb 10 16:19:08 2026]
Error in rule load_all_products:
    message: None
    jobid: 2
    input: /home/maroua/Bureau/OrphaScape_SimWalk/input/pd_orphanet/en_product1.xml, /home/maroua/Bureau/OrphaScape_SimWalk/input/pd_orphanet/en_product4.xml, /home/maroua/Bureau/OrphaScape_SimWalk/input/pd_orphanet/en_product6.xml, /home/maroua/Bureau/OrphaScape_SimWalk/input/pd_orphanet/en_product7.xml, /home/maroua/Bureau/OrphaScape_SimWalk/input/pd_orphanet/Classifications
    output: /home/maroua/Bureau/OrphaScape_SimWalk/output/pd_orphanet/en_product1.xlsx, /home/maroua/Bureau/OrphaScape_SimWalk/output/pd_orphanet/all_enpd_mai_2025.xlsx, /home/maroua/Bureau/OrphaScape_SimWalk/output/pd_orphanet/en_product6.xlsx, /home/maroua/Bureau/OrphaScape_SimWalk/output/pd_orphanet/en_product7.xlsx, /home/maroua/Bureau/OrphaScape_SimWalk/output/pd_orphanet/parent_child_noclassif_v2.xlsx, /home/maroua/Bureau/OrphaScape_SimWalk/output/pd_orphanet/parent_child_classif_v2.xlsx, /home/maroua/Bureau/OrphaScape_SimWalk/output/pd_orphanet/Classifications, /home/maroua/Bureau/OrphaScape_SimWalk/output/pd_orphanet/config_from_product4.yaml
    shell:
        
        mkdir -p logs
        PYTHONPATH=.:bin python -u bin/main_load_data.py
        
        (command exited with non-zero exit code)
Complete log(s): /home/maroua/Bureau/OrphaScape_SimWalk/.snakemake/log/2026-02-10T161907.130759.snakemake.log
WorkflowError:
At least one job did not complete successfully.
