Assuming unrestricted shared filesystem usage.
None
host: 40W88
Building DAG of jobs...
Using shell: /usr/bin/bash
Provided cores: 8
Rules claiming more threads will be scaled down.
Job stats:
job                count
---------------  -------
add_rw_pipeline        1
all                    1
total                  2

Select jobs to execute...
Execute 1 jobs...
[Tue Feb 10 18:19:42 2026]
localrule add_rw_pipeline:
    output: /home/maroua/Bureau/OrphaScape_SimWalk/output/ADD_RW_DONE.txt
    jobid: 1
    reason: Missing output files: /home/maroua/Bureau/OrphaScape_SimWalk/output/ADD_RW_DONE.txt
    resources: tmpdir=/tmp

Waiting for more resources.
RuleException:
CalledProcessError in file "/home/maroua/Bureau/OrphaScape_SimWalk/Snakefile.add_rw", line 20:
Command 'set -euo pipefail;  
        set -euo pipefail

        echo "STEP 1: add patients"
        python -m bin.main_add_patients_to_mm

        echo "STEP 2: RARW run"
        MATRIX_DIR=$(ls -td /home/maroua/Bureau/OrphaScape_SimWalk/output/patient_added/*/ | head -1)
        for pq in "$MATRIX_DIR"/*.parquet; do
            PATIENT=$(basename "$pq" .parquet)
            python -m bin.main_rarw run --seeds "$PATIENT" --alpha 0.3
        done

        echo "STEP 3: collect"
        python -m bin.main_rarw collect --alpha 0.3

        echo "DONE" > /home/maroua/Bureau/OrphaScape_SimWalk/output/ADD_RW_DONE.txt' returned non-zero exit status 1.
[Tue Feb 10 18:19:45 2026]
Error in rule add_rw_pipeline:
    message: None
    jobid: 1
    output: /home/maroua/Bureau/OrphaScape_SimWalk/output/ADD_RW_DONE.txt
    shell:
        
        set -euo pipefail

        echo "STEP 1: add patients"
        python -m bin.main_add_patients_to_mm

        echo "STEP 2: RARW run"
        MATRIX_DIR=$(ls -td /home/maroua/Bureau/OrphaScape_SimWalk/output/patient_added/*/ | head -1)
        for pq in "$MATRIX_DIR"/*.parquet; do
            PATIENT=$(basename "$pq" .parquet)
            python -m bin.main_rarw run --seeds "$PATIENT" --alpha 0.3
        done

        echo "STEP 3: collect"
        python -m bin.main_rarw collect --alpha 0.3

        echo "DONE" > /home/maroua/Bureau/OrphaScape_SimWalk/output/ADD_RW_DONE.txt
        
        (command exited with non-zero exit code)
Shutting down, this might take some time.
Exiting because a job execution failed. Look below for error messages
[Tue Feb 10 18:19:45 2026]
Error in rule add_rw_pipeline:
    message: None
    jobid: 1
    output: /home/maroua/Bureau/OrphaScape_SimWalk/output/ADD_RW_DONE.txt
    shell:
        
        set -euo pipefail

        echo "STEP 1: add patients"
        python -m bin.main_add_patients_to_mm

        echo "STEP 2: RARW run"
        MATRIX_DIR=$(ls -td /home/maroua/Bureau/OrphaScape_SimWalk/output/patient_added/*/ | head -1)
        for pq in "$MATRIX_DIR"/*.parquet; do
            PATIENT=$(basename "$pq" .parquet)
            python -m bin.main_rarw run --seeds "$PATIENT" --alpha 0.3
        done

        echo "STEP 3: collect"
        python -m bin.main_rarw collect --alpha 0.3

        echo "DONE" > /home/maroua/Bureau/OrphaScape_SimWalk/output/ADD_RW_DONE.txt
        
        (command exited with non-zero exit code)
Complete log(s): /home/maroua/Bureau/OrphaScape_SimWalk/.snakemake/log/2026-02-10T181942.987256.snakemake.log
WorkflowError:
At least one job did not complete successfully.
