The flag 'directory' used in rule load_all_products is only valid for outputs, not inputs.
Assuming unrestricted shared filesystem usage.
host: 40W88
Building DAG of jobs...
Using shell: /usr/bin/bash
Provided cores: 8
Rules claiming more threads will be scaled down.
Job stats:
job                  count
-----------------  -------
all                      1
create_patients          1
load_all_products        1
total                    3

Select jobs to execute...
Execute 1 jobs...
[Wed Feb 11 12:13:25 2026]
localrule load_all_products:
    input: /home/maroua/Bureau/OrphaScape_SimWalk/input/orphanet_data/en_product1.xml, /home/maroua/Bureau/OrphaScape_SimWalk/input/orphanet_data/en_product4.xml, /home/maroua/Bureau/OrphaScape_SimWalk/input/orphanet_data/en_product6.xml, /home/maroua/Bureau/OrphaScape_SimWalk/input/orphanet_data/en_product7.xml, /home/maroua/Bureau/OrphaScape_SimWalk/input/orphanet_data/Classifications
    output: /home/maroua/Bureau/OrphaScape_SimWalk/output/orphanet_data/en_product1.xlsx, /home/maroua/Bureau/OrphaScape_SimWalk/output/orphanet_data/all_enpd_mai_2025.xlsx, /home/maroua/Bureau/OrphaScape_SimWalk/output/orphanet_data/en_product6.xlsx, /home/maroua/Bureau/OrphaScape_SimWalk/output/orphanet_data/en_product7.xlsx, /home/maroua/Bureau/OrphaScape_SimWalk/output/orphanet_data/parent_child_noclassif_v2.xlsx, /home/maroua/Bureau/OrphaScape_SimWalk/output/orphanet_data/parent_child_classif_v2.xlsx, /home/maroua/Bureau/OrphaScape_SimWalk/output/orphanet_data/Classifications, /home/maroua/Bureau/OrphaScape_SimWalk/output/orphanet_data/config_from_product4.yaml
    jobid: 2
    reason: Missing output files: /home/maroua/Bureau/OrphaScape_SimWalk/output/orphanet_data/parent_child_noclassif_v2.xlsx, /home/maroua/Bureau/OrphaScape_SimWalk/output/orphanet_data/en_product1.xlsx
    resources: tmpdir=/tmp
[Wed Feb 11 12:14:15 2026]
Finished jobid: 2 (Rule: load_all_products)
1 of 3 steps (33%) done
Select jobs to execute...
Execute 1 jobs...
[Wed Feb 11 12:14:15 2026]
localrule create_patients:
    input: /home/maroua/Bureau/OrphaScape_SimWalk/output/orphanet_data/parent_child_noclassif_v2.xlsx, /home/maroua/Bureau/OrphaScape_SimWalk/output/orphanet_data/en_product1.xlsx
    output: /home/maroua/Bureau/OrphaScape_SimWalk/output/patient_solved/patients.xlsx
    jobid: 1
    reason: Missing output files: /home/maroua/Bureau/OrphaScape_SimWalk/output/patient_solved/patients.xlsx; Input files updated by another job: /home/maroua/Bureau/OrphaScape_SimWalk/output/orphanet_data/parent_child_noclassif_v2.xlsx, /home/maroua/Bureau/OrphaScape_SimWalk/output/orphanet_data/en_product1.xlsx
    resources: tmpdir=/tmp
[Wed Feb 11 12:14:18 2026]
Finished jobid: 1 (Rule: create_patients)
2 of 3 steps (67%) done
Select jobs to execute...
Execute 1 jobs...
[Wed Feb 11 12:14:18 2026]
localrule all:
    input: /home/maroua/Bureau/OrphaScape_SimWalk/output/patient_solved/patients.xlsx
    jobid: 0
    reason: Input files updated by another job: /home/maroua/Bureau/OrphaScape_SimWalk/output/patient_solved/patients.xlsx
    resources: tmpdir=/tmp
[Wed Feb 11 12:14:18 2026]
Finished jobid: 0 (Rule: all)
3 of 3 steps (100%) done
Complete log(s): /home/maroua/Bureau/OrphaScape_SimWalk/.snakemake/log/2026-02-11T121325.754139.snakemake.log
