Config file configs/config_add_rw.yaml is extended by additional config specified via the command line.
Assuming unrestricted shared filesystem usage.
host: 40W88
Building DAG of jobs...
Using shell: /usr/bin/bash
Provided cores: 22
Rules claiming more threads will be scaled down.
Job stats:
job                count
---------------  -------
add_rw_pipeline        1
all                    1
total                  2

Select jobs to execute...
Execute 1 jobs...
[Wed Feb 11 12:33:40 2026]
localrule add_rw_pipeline:
    output: /home/maroua/Bureau/OrphaScape_SimWalk/output/ADD_RW_DONE.txt
    jobid: 1
    reason: Missing output files: /home/maroua/Bureau/OrphaScape_SimWalk/output/ADD_RW_DONE.txt
    resources: tmpdir=/tmp
[Wed Feb 11 12:33:43 2026]
Finished jobid: 1 (Rule: add_rw_pipeline)
1 of 2 steps (50%) done
Select jobs to execute...
Execute 1 jobs...
[Wed Feb 11 12:33:43 2026]
localrule all:
    input: /home/maroua/Bureau/OrphaScape_SimWalk/output/ADD_RW_DONE.txt
    jobid: 0
    reason: Input files updated by another job: /home/maroua/Bureau/OrphaScape_SimWalk/output/ADD_RW_DONE.txt
    resources: tmpdir=/tmp
[Wed Feb 11 12:33:43 2026]
Finished jobid: 0 (Rule: all)
2 of 2 steps (100%) done
Complete log(s): /home/maroua/Bureau/OrphaScape_SimWalk/.snakemake/log/2026-02-11T123340.598043.snakemake.log
