Assuming unrestricted shared filesystem usage.
host: 40W88
Building DAG of jobs...
Using shell: /usr/bin/bash
Provided cores: 22
Rules claiming more threads will be scaled down.
Job stats:
job                 count
----------------  -------
all                     1
results_rank_cdf        1
total                   2

Select jobs to execute...
Execute 1 jobs...
[Wed Feb 11 12:36:03 2026]
localrule results_rank_cdf:
    output: /home/maroua/Bureau/OrphaScape_SimWalk/output/hm_table_1-3.xlsx, /home/maroua/Bureau/OrphaScape_SimWalk/output/CDF.svg
    jobid: 1
    reason: Missing output files: /home/maroua/Bureau/OrphaScape_SimWalk/output/CDF.svg, /home/maroua/Bureau/OrphaScape_SimWalk/output/hm_table_1-3.xlsx; Code has changed since last execution
    resources: tmpdir=/tmp
[Wed Feb 11 12:36:05 2026]
Finished jobid: 1 (Rule: results_rank_cdf)
1 of 2 steps (50%) done
Select jobs to execute...
Execute 1 jobs...
[Wed Feb 11 12:36:05 2026]
localrule all:
    input: /home/maroua/Bureau/OrphaScape_SimWalk/output/hm_table_1-3.xlsx, /home/maroua/Bureau/OrphaScape_SimWalk/output/CDF.svg, /home/maroua/Bureau/OrphaScape_SimWalk/output/nb_gp_match_rdi_table5.xlsx, /home/maroua/Bureau/OrphaScape_SimWalk/output/hm_group_table4.xlsx
    jobid: 0
    reason: Input files updated by another job: /home/maroua/Bureau/OrphaScape_SimWalk/output/CDF.svg, /home/maroua/Bureau/OrphaScape_SimWalk/output/hm_table_1-3.xlsx
    resources: tmpdir=/tmp
[Wed Feb 11 12:36:05 2026]
Finished jobid: 0 (Rule: all)
2 of 2 steps (100%) done
Complete log(s): /home/maroua/Bureau/OrphaScape_SimWalk/.snakemake/log/2026-02-11T123603.751048.snakemake.log
