Assuming unrestricted shared filesystem usage.
None
host: 40W88
Building DAG of jobs...
Using shell: /usr/bin/bash
Provided cores: 8
Rules claiming more threads will be scaled down.
Job stats:
job                       count
----------------------  -------
all                           1
results_classification        1
total                         2

Select jobs to execute...
Execute 1 jobs...
[Tue Feb 10 18:38:10 2026]
localrule results_classification:
    output: /home/maroua/Bureau/OrphaScape_SimWalk/output/nb_gp_match_rdi_table5.xlsx, /home/maroua/Bureau/OrphaScape_SimWalk/output/hm_group_table4.xlsx
    jobid: 2
    reason: Missing output files: /home/maroua/Bureau/OrphaScape_SimWalk/output/nb_gp_match_rdi_table5.xlsx, /home/maroua/Bureau/OrphaScape_SimWalk/output/hm_group_table4.xlsx
    resources: tmpdir=/tmp

Waiting for more resources.
[Tue Feb 10 18:38:14 2026]
Finished jobid: 2 (Rule: results_classification)
1 of 2 steps (50%) done
Select jobs to execute...
Execute 1 jobs...
[Tue Feb 10 18:38:14 2026]
localrule all:
    input: /home/maroua/Bureau/OrphaScape_SimWalk/output/hm_table_1-3.xlsx, /home/maroua/Bureau/OrphaScape_SimWalk/output/CDF.svg, /home/maroua/Bureau/OrphaScape_SimWalk/output/nb_gp_match_rdi_table5.xlsx, /home/maroua/Bureau/OrphaScape_SimWalk/output/hm_group_table4.xlsx
    jobid: 0
    reason: Input files updated by another job: /home/maroua/Bureau/OrphaScape_SimWalk/output/nb_gp_match_rdi_table5.xlsx, /home/maroua/Bureau/OrphaScape_SimWalk/output/hm_group_table4.xlsx
    resources: tmpdir=/tmp

Waiting for more resources.
[Tue Feb 10 18:38:14 2026]
Finished jobid: 0 (Rule: all)
2 of 2 steps (100%) done
Complete log(s): /home/maroua/Bureau/OrphaScape_SimWalk/.snakemake/log/2026-02-10T183810.892545.snakemake.log
