Assuming unrestricted shared filesystem usage.
host: 40W88
Building DAG of jobs...
Using shell: /usr/bin/bash
Provided cores: 22
Rules claiming more threads will be scaled down.
Job stats:
job                       count
----------------------  -------
all                           1
results_classification        1
results_rank_cdf              1
total                         3

Select jobs to execute...
Execute 2 jobs...
[Wed Feb 11 12:34:04 2026]
localrule results_rank_cdf:
    output: /home/maroua/Bureau/OrphaScape_SimWalk/output/hm_table_1-3.xlsx, /home/maroua/Bureau/OrphaScape_SimWalk/output/CDF.svg
    jobid: 1
    reason: Missing output files: /home/maroua/Bureau/OrphaScape_SimWalk/output/CDF.svg, /home/maroua/Bureau/OrphaScape_SimWalk/output/hm_table_1-3.xlsx; Code has changed since last execution
    resources: tmpdir=/tmp
[Wed Feb 11 12:34:04 2026]
localrule results_classification:
    output: /home/maroua/Bureau/OrphaScape_SimWalk/output/nb_gp_match_rdi_table5.xlsx, /home/maroua/Bureau/OrphaScape_SimWalk/output/hm_group_table4.xlsx
    jobid: 2
    reason: Missing output files: /home/maroua/Bureau/OrphaScape_SimWalk/output/nb_gp_match_rdi_table5.xlsx, /home/maroua/Bureau/OrphaScape_SimWalk/output/hm_group_table4.xlsx
    resources: tmpdir=/tmp
RuleException:
CalledProcessError in file "/home/maroua/Bureau/OrphaScape_SimWalk/Snakefile.rslt", line 21:
Command 'set -euo pipefail;  
        rm PV.PATH_OUTPUT / "ADD_RW_DONE.txt"
        PYTHONPATH=.:bin python -u bin/result_CDFs_hm.py' returned non-zero exit status 1.
[Wed Feb 11 12:34:04 2026]
Error in rule results_rank_cdf:
    message: None
    jobid: 1
    output: /home/maroua/Bureau/OrphaScape_SimWalk/output/hm_table_1-3.xlsx, /home/maroua/Bureau/OrphaScape_SimWalk/output/CDF.svg
    shell:
        
        rm PV.PATH_OUTPUT / "ADD_RW_DONE.txt"
        PYTHONPATH=.:bin python -u bin/result_CDFs_hm.py 

        
        (command exited with non-zero exit code)
[Wed Feb 11 12:34:08 2026]
Finished jobid: 2 (Rule: results_classification)
1 of 3 steps (33%) done
Shutting down, this might take some time.
Exiting because a job execution failed. Look below for error messages
[Wed Feb 11 12:34:08 2026]
Error in rule results_rank_cdf:
    message: None
    jobid: 1
    output: /home/maroua/Bureau/OrphaScape_SimWalk/output/hm_table_1-3.xlsx, /home/maroua/Bureau/OrphaScape_SimWalk/output/CDF.svg
    shell:
        
        rm PV.PATH_OUTPUT / "ADD_RW_DONE.txt"
        PYTHONPATH=.:bin python -u bin/result_CDFs_hm.py 

        
        (command exited with non-zero exit code)
Complete log(s): /home/maroua/Bureau/OrphaScape_SimWalk/.snakemake/log/2026-02-11T123403.973884.snakemake.log
WorkflowError:
At least one job did not complete successfully.
