Assuming unrestricted shared filesystem usage.
None
host: 40W88
Building DAG of jobs...
Using shell: /usr/bin/bash
Provided cores: 8
Rules claiming more threads will be scaled down.
Job stats:
job             count
------------  -------
add_patients        1
total               1

Select jobs to execute...
Execute 1 jobs...
[Tue Feb 10 17:06:48 2026]
localrule add_patients:
    jobid: 0
    reason: Rules with neither input nor output files are always executed.
    resources: tmpdir=/tmp

Waiting for more resources.
[Tue Feb 10 17:06:49 2026]
Finished jobid: 0 (Rule: add_patients)
1 of 1 steps (100%) done
Complete log(s): /home/maroua/Bureau/OrphaScape_SimWalk/.snakemake/log/2026-02-10T170648.917051.snakemake.log
