Assuming unrestricted shared filesystem usage.
None
host: 40W88
Building DAG of jobs...
Using shell: /usr/bin/bash
Provided cores: 8
Rules claiming more threads will be scaled down.
Job stats:
job                       count
----------------------  -------
all                           1
results_classification        1
results_rank_cdf              1
total                         3

Select jobs to execute...
Execute 2 jobs...
[Tue Feb 10 18:41:51 2026]
localrule results_classification:
    output: /home/maroua/Bureau/OrphaScape_SimWalk/output/nb_gp_match_rdi_table5.xlsx, /home/maroua/Bureau/OrphaScape_SimWalk/output/hm_group_table4.xlsx
    jobid: 2
    reason: Missing output files: /home/maroua/Bureau/OrphaScape_SimWalk/output/nb_gp_match_rdi_table5.xlsx, /home/maroua/Bureau/OrphaScape_SimWalk/output/hm_group_table4.xlsx
    resources: tmpdir=/tmp

[Tue Feb 10 18:41:51 2026]
localrule results_rank_cdf:
    output: /home/maroua/Bureau/OrphaScape_SimWalk/output/hm_table_1-3.xlsx, /home/maroua/Bureau/OrphaScape_SimWalk/output/CDF.svg
    jobid: 1
    reason: Missing output files: /home/maroua/Bureau/OrphaScape_SimWalk/output/hm_table_1-3.xlsx, /home/maroua/Bureau/OrphaScape_SimWalk/output/CDF.svg
    resources: tmpdir=/tmp

Waiting for more resources.
[Tue Feb 10 18:41:53 2026]
Finished jobid: 1 (Rule: results_rank_cdf)
1 of 3 steps (33%) done
[Tue Feb 10 18:41:56 2026]
Finished jobid: 2 (Rule: results_classification)
2 of 3 steps (67%) done
Select jobs to execute...
Execute 1 jobs...
[Tue Feb 10 18:41:56 2026]
localrule all:
    input: /home/maroua/Bureau/OrphaScape_SimWalk/output/hm_table_1-3.xlsx, /home/maroua/Bureau/OrphaScape_SimWalk/output/CDF.svg, /home/maroua/Bureau/OrphaScape_SimWalk/output/nb_gp_match_rdi_table5.xlsx, /home/maroua/Bureau/OrphaScape_SimWalk/output/hm_group_table4.xlsx
    jobid: 0
    reason: Input files updated by another job: /home/maroua/Bureau/OrphaScape_SimWalk/output/hm_table_1-3.xlsx, /home/maroua/Bureau/OrphaScape_SimWalk/output/hm_group_table4.xlsx, /home/maroua/Bureau/OrphaScape_SimWalk/output/nb_gp_match_rdi_table5.xlsx, /home/maroua/Bureau/OrphaScape_SimWalk/output/CDF.svg
    resources: tmpdir=/tmp

Waiting for more resources.
[Tue Feb 10 18:41:56 2026]
Finished jobid: 0 (Rule: all)
3 of 3 steps (100%) done
Complete log(s): /home/maroua/Bureau/OrphaScape_SimWalk/.snakemake/log/2026-02-10T184151.742834.snakemake.log
