2026-02-11 12:34:04,317 | INFO | result_GD | result_GD.py:125 | Loaded 3 patients
2026-02-11 12:34:07,160 | INFO | result_GD | result_GD.py:160 | --------P1 ---rarw and sm part------
2026-02-11 12:34:07,334 | INFO | result_GD | result_GD.py:189 |   RA: Top 50 RDs span 9 classifications
2026-02-11 12:34:07,508 | INFO | result_GD | result_GD.py:213 |   RARW: Top 50 RDs span 9 classifications
2026-02-11 12:34:07,509 | INFO | result_GD | result_GD.py:160 | --------P2 ---rarw and sm part------
2026-02-11 12:34:07,686 | INFO | result_GD | result_GD.py:189 |   RA: Top 50 RDs span 9 classifications
2026-02-11 12:34:07,868 | INFO | result_GD | result_GD.py:213 |   RARW: Top 50 RDs span 9 classifications
2026-02-11 12:34:07,868 | INFO | result_GD | result_GD.py:160 | --------P3 ---rarw and sm part------
2026-02-11 12:34:08,047 | INFO | result_GD | result_GD.py:189 |   RA: Top 50 RDs span 9 classifications
2026-02-11 12:34:08,226 | INFO | result_GD | result_GD.py:213 |   RARW: Top 50 RDs span 9 classifications
2026-02-11 12:34:08,227 | INFO | result_GD | result_GD.py:229 | Total records: 1704
2026-02-11 12:34:08,296 | INFO | result_GD | result_GD.py:363 | 
Patients with method disagreement: 3
2026-02-11 12:34:08,296 | INFO | result_GD | result_GD.py:364 | 
*** TABLE 5: Group Overlap Comparison ***
2026-02-11 12:34:08,296 | INFO | result_GD | result_GD.py:365 | method   RA  RARW
patient          
P1        7     7
P2        4     4
P3        3     3
2026-02-11 12:34:08,303 | INFO | result_GD | result_GD.py:411 | P1 - RA	Harmonic mean (manual calculation): 3.0
2026-02-11 12:34:08,305 | INFO | result_GD | result_GD.py:411 | P1 - RARW	Harmonic mean (manual calculation): 3.0
2026-02-11 12:34:08,305 | INFO | result_GD | result_GD.py:416 | P1 - RARW	Harmonic mean (manual calculation): 3.0
2026-02-11 12:34:08,307 | INFO | result_GD | result_GD.py:411 | P2 - RA	Harmonic mean (manual calculation): 3.428571428571429
2026-02-11 12:34:08,309 | INFO | result_GD | result_GD.py:411 | P2 - RARW	Harmonic mean (manual calculation): 3.428571428571429
2026-02-11 12:34:08,309 | INFO | result_GD | result_GD.py:416 | P2 - RARW	Harmonic mean (manual calculation): 3.428571428571429
2026-02-11 12:34:08,312 | INFO | result_GD | result_GD.py:411 | P3 - RA	Harmonic mean (manual calculation): 7.0
2026-02-11 12:34:08,314 | INFO | result_GD | result_GD.py:411 | P3 - RARW	Harmonic mean (manual calculation): 7.0
2026-02-11 12:34:08,314 | INFO | result_GD | result_GD.py:416 | P3 - RARW	Harmonic mean (manual calculation): 7.0
2026-02-11 12:34:08,319 | INFO | result_GD | result_GD.py:434 | 
*** TABLE 4: Mean Harmonic Mean by Method ***
2026-02-11 12:34:08,319 | INFO | result_GD | result_GD.py:435 |   method  mean_hm
0     RA  4.47619
1   RARW  4.47619
2026-02-11 12:36:04,806 | INFO | result_CDFs_hm | result_CDFs_hm.py:54 | for ra : rsd_resnik_pd4may2025exefev2026_32221, nb of patient is 3
